<?xml version="1.0" encoding="UTF-8"?>
<testng-results skipped="0" failed="0" ignored="0" total="1" passed="1">
  <reporter-output>
  </reporter-output>
  <suite name="Suite" duration-ms="82" started-at="2020-04-16T17:27:38 IST" finished-at="2020-04-16T17:27:38 IST">
    <groups>
    </groups>
    <test name="Test" duration-ms="82" started-at="2020-04-16T17:27:38 IST" finished-at="2020-04-16T17:27:38 IST">
      <class name="com.qa.test.Demo1">
        <test-method status="PASS" signature="add()[pri:0, instance:com.qa.test.Demo1@4b17ba2d]" name="add" duration-ms="14" started-at="2020-04-16T17:27:38 IST" finished-at="2020-04-16T17:27:38 IST">
          <reporter-output>
          </reporter-output>
        </test-method> <!-- add -->
      </class> <!-- com.qa.test.Demo1 -->
    </test> <!-- Test -->
  </suite> <!-- Suite -->
</testng-results>
